<?xml version="1.0" encoding="UTF-8"?>
<!-- Generated by org.testng.reporters.JUnitReportReporter -->
<testsuite hostname="Prasannakumar" failures="0" tests="4" name="com.TestNG.Annotations" time="0.028" errors="0" timestamp="2022-12-09T12:11:10 IST" skipped="0">
  <testcase classname="com.TestNG.Annotations" name="ApplicationLaunch" time="0.022"/>
  <system-out/>
  <testcase classname="com.TestNG.Annotations" name="closeApplication" time="0.002"/>
  <system-out/>
  <testcase classname="com.TestNG.Annotations" name="compose" time="0.002"/>
  <system-out/>
  <testcase classname="com.TestNG.Annotations" name="inbox" time="0.002"/>
  <system-out/>
</testsuite> <!-- com.TestNG.Annotations -->
