<?xml version="1.0" encoding="UTF-8"?>
<!-- Generated by org.testng.reporters.JUnitReportReporter -->
<testsuite hostname="Prasannakumar" failures="0" tests="2" name="com.TestNG.Annotations2" time="0.034" errors="0" timestamp="2022-12-09T12:21:59 IST" skipped="0">
  <testcase classname="com.TestNG.Annotations2" name="inbox" time="0.031"/>
  <system-out/>
  <testcase classname="com.TestNG.Annotations2" name="compose" time="0.003"/>
  <system-out/>
</testsuite> <!-- com.TestNG.Annotations2 -->
