<?xml version="1.0" encoding="UTF-8"?>
<!-- Generated by org.testng.reporters.JUnitReportReporter -->
<testsuite hostname="Prasannakumar" failures="0" tests="3" name="com.OrangeHRM_ApplicationTestCases_PagesTest.OrangeHRM_ApplicationLoginPageTest" time="25.384" errors="0" timestamp="2023-01-03T11:28:57 IST" skipped="0">
  <testcase classname="com.OrangeHRM_ApplicationTestCases_PagesTest.OrangeHRM_ApplicationLoginPageTest" name="OHRM_LoginPageImageValidationTest" time="3.222"/>
  <system-out/>
  <testcase classname="com.OrangeHRM_ApplicationTestCases_PagesTest.OrangeHRM_ApplicationLoginPageTest" name="OHRM_LoginPageTextValidationTest" time="12.122"/>
  <system-out/>
  <testcase classname="com.OrangeHRM_ApplicationTestCases_PagesTest.OrangeHRM_ApplicationLoginPageTest" name="OHRM_LoginPageLogInValidationTest" time="10.040"/>
  <system-out/>
</testsuite> <!-- com.OrangeHRM_ApplicationTestCases_PagesTest.OrangeHRM_ApplicationLoginPageTest -->
