<?xml version="1.0" encoding="UTF-8"?>
<!-- Generated by org.testng.reporters.JUnitReportReporter -->
<testsuite hostname="Prasannakumar" failures="0" tests="7" name="com.OrangeHRM_ApplicationTestCases_PagesTest.OrangeHRMApplicationHomePageTest" time="54.976" errors="0" timestamp="2023-01-03T11:28:57 IST" skipped="0">
  <testcase classname="com.OrangeHRM_ApplicationTestCases_PagesTest.OrangeHRMApplicationHomePageTest" name="OHRM_LoginPageImageValidationTest" time="2.819"/>
  <system-out/>
  <testcase classname="com.OrangeHRM_ApplicationTestCases_PagesTest.OrangeHRMApplicationHomePageTest" name="OrangeHRM_HomePageImageTest" time="5.920"/>
  <system-out/>
  <testcase classname="com.OrangeHRM_ApplicationTestCases_PagesTest.OrangeHRMApplicationHomePageTest" name="OrangeHRM_HomePage_AdminTest" time="11.124"/>
  <system-out/>
  <testcase classname="com.OrangeHRM_ApplicationTestCases_PagesTest.OrangeHRMApplicationHomePageTest" name="OHRM_LoginPageTextValidationTest" time="3.178"/>
  <system-out/>
  <testcase classname="com.OrangeHRM_ApplicationTestCases_PagesTest.OrangeHRMApplicationHomePageTest" name="OHRM_LoginPageLogInValidationTest" time="5.425"/>
  <system-out/>
  <testcase classname="com.OrangeHRM_ApplicationTestCases_PagesTest.OrangeHRMApplicationHomePageTest" name="OrrangeHRM_HomePage_PimTest" time="15.499"/>
  <system-out/>
  <testcase classname="com.OrangeHRM_ApplicationTestCases_PagesTest.OrangeHRMApplicationHomePageTest" name="OrrangeHRM_HomePAge_WelcomeTest" time="11.011"/>
  <system-out/>
</testsuite> <!-- com.OrangeHRM_ApplicationTestCases_PagesTest.OrangeHRMApplicationHomePageTest -->
