<?xml version="1.0" encoding="UTF-8"?>
<!-- Generated by org.testng.reporters.JUnitReportReporter -->
<testsuite hostname="Prasannakumar" failures="0" tests="1" name="com.BaseTest_OrangeHRM_POM.BastTest" time="6.849" errors="0" timestamp="2022-12-23T22:41:55 IST" skipped="0">
  <testcase classname="com.BaseTest_OrangeHRM_POM.BastTest" name="dddd" time="6.849"/>
  <system-out/>
</testsuite> <!-- com.BaseTest_OrangeHRM_POM.BastTest -->
