<?xml version="1.0" encoding="UTF-8"?>
<!-- Generated by org.testng.reporters.JUnitReportReporter -->
<testsuite hostname="Prasannakumar" failures="0" tests="1" name="com.TestNG.WebTable_CapturingFirstColumnData" time="2.176" errors="0" timestamp="2022-12-10T14:39:57 IST" skipped="0">
  <testcase classname="com.TestNG.WebTable_CapturingFirstColumnData" name="capturingFirstColumnData" time="2.176"/>
  <system-out/>
</testsuite> <!-- com.TestNG.WebTable_CapturingFirstColumnData -->
