<?xml version="1.0" encoding="UTF-8"?>
<!-- Generated by org.testng.reporters.JUnitReportReporter -->
<testsuite hostname="Prasannakumar" failures="0" tests="3" name="com.TestNG.Annotations" time="0.052" errors="0" timestamp="2022-12-09T11:42:46 IST" skipped="0">
  <testcase classname="com.TestNG.Annotations" name="Draft" time="0.041"/>
  <system-out/>
  <testcase classname="com.TestNG.Annotations" name="inbox" time="0.006"/>
  <system-out/>
  <testcase classname="com.TestNG.Annotations" name="ComposeMail" time="0.005"/>
  <system-out/>
</testsuite> <!-- com.TestNG.Annotations -->
