<?xml version="1.0" encoding="UTF-8"?>
<!-- Generated by org.testng.reporters.JUnitReportReporter -->
<testsuite hostname="Prasannakumar" failures="0" tests="1" name="com.DesiDeals.DesiDealsApplication" time="3.485" errors="0" timestamp="2022-12-20T17:19:09 IST" skipped="0">
  <testcase classname="com.DesiDeals.DesiDealsApplication" name="NewDeals" time="3.485"/>
  <system-out/>
</testsuite> <!-- com.DesiDeals.DesiDealsApplication -->
