<?xml version="1.0" encoding="UTF-8"?>
<!-- Generated by org.testng.reporters.JUnitReportReporter -->
<testsuite hostname="Prasannakumar" failures="0" tests="1" name="com.TestNG.AllCountriesDateAndTime" time="14.832" errors="0" timestamp="2022-12-10T17:27:35 IST" skipped="0">
  <testcase classname="com.TestNG.AllCountriesDateAndTime" name="AllCountiesDateAndTime_Excel" time="14.832"/>
  <system-out/>
</testsuite> <!-- com.TestNG.AllCountriesDateAndTime -->
