<?xml version="1.0" encoding="UTF-8"?>
<!-- Generated by org.testng.reporters.JUnitReportReporter -->
<testsuite hostname="Prasannakumar" failures="0" tests="1" name="com.TestNG.capturingDynamicWebTableData" time="24.095" errors="0" timestamp="2022-12-11T03:03:16 IST" skipped="0">
  <testcase classname="com.TestNG.capturingDynamicWebTableData" name="capturingDynamicWebTableData" time="24.095"/>
  <system-out/>
</testsuite> <!-- com.TestNG.capturingDynamicWebTableData -->
