<?xml version="1.0" encoding="UTF-8"?>
<!-- Generated by org.testng.reporters.JUnitReportReporter -->
<testsuite hostname="Prasannakumar" failures="0" tests="4" name="com.OrangeHRM.OrangeHRM_PIM_AddEmployeeValidation" time="7.911" errors="0" timestamp="2022-12-14T18:07:39 IST" skipped="0">
  <testcase classname="com.OrangeHRM.OrangeHRM_PIM_AddEmployeeValidation" name="OrangeHRM_LoginPageAndTitleValidation" time="2.409"/>
  <system-out/>
  <testcase classname="com.OrangeHRM.OrangeHRM_PIM_AddEmployeeValidation" name="OrangeHRM_Login" time="3.401"/>
  <system-out/>
  <testcase classname="com.OrangeHRM.OrangeHRM_PIM_AddEmployeeValidation" name="HomePageValidation" time="0.392"/>
  <system-out/>
  <testcase classname="com.OrangeHRM.OrangeHRM_PIM_AddEmployeeValidation" name="PIM_Validation" time="1.709"/>
  <system-out/>
</testsuite> <!-- com.OrangeHRM.OrangeHRM_PIM_AddEmployeeValidation -->
