<?xml version="1.0" encoding="UTF-8"?>
<!-- Generated by org.testng.reporters.JUnitReportReporter -->
<testsuite hostname="Prasannakumar" failures="0" tests="1" name="com.OrangeHRM.MultipleLoginData_Excel" time="7.007" errors="0" timestamp="2022-12-14T22:35:25 IST" skipped="0">
  <testcase classname="com.OrangeHRM.MultipleLoginData_Excel" name="OrangeHRM_Login" time="7.007"/>
  <system-out/>
</testsuite> <!-- com.OrangeHRM.MultipleLoginData_Excel -->
