<?xml version="1.0" encoding="UTF-8"?>
<!-- Generated by org.testng.reporters.JUnitReportReporter -->
<testsuite hostname="Prasannakumar" failures="0" tests="1" name="com.TestNG.FirstColumnData_Excel" time="3.907" errors="0" timestamp="2022-12-10T16:28:08 IST" skipped="0">
  <testcase classname="com.TestNG.FirstColumnData_Excel" name="FirstColumnData_Excel" time="3.907"/>
  <system-out/>
</testsuite> <!-- com.TestNG.FirstColumnData_Excel -->
