<?xml version="1.0" encoding="UTF-8"?>
<!-- Generated by org.testng.reporters.JUnitReportReporter -->
<testsuite hostname="Prasannakumar" failures="0" tests="3" name="com.OrangeHRM.OrangeHRM_HomePageLogout" time="7.545" errors="0" timestamp="2022-12-14T16:41:06 IST" skipped="0">
  <testcase classname="com.OrangeHRM.OrangeHRM_HomePageLogout" name="OrangeHRM_LoginPageAndTitleValidation" time="1.802"/>
  <system-out/>
  <testcase classname="com.OrangeHRM.OrangeHRM_HomePageLogout" name="OrangeHRM_Login" time="4.492"/>
  <system-out/>
  <testcase classname="com.OrangeHRM.OrangeHRM_HomePageLogout" name="HomePageLogout" time="1.251"/>
  <system-out/>
</testsuite> <!-- com.OrangeHRM.OrangeHRM_HomePageLogout -->
