<?xml version="1.0" encoding="UTF-8"?>
<!-- Generated by org.testng.reporters.JUnitReportReporter -->
<testsuite hostname="Prasannakumar" failures="0" tests="1" name="com.TestNG.AllColumnData_Excel" time="8.650" errors="0" timestamp="2022-12-10T16:21:11 IST" skipped="0">
  <testcase classname="com.TestNG.AllColumnData_Excel" name="AllColumnData_Excel" time="8.650"/>
  <system-out/>
</testsuite> <!-- com.TestNG.AllColumnData_Excel -->
