<?xml version="1.0" encoding="UTF-8"?>
<!-- Generated by org.testng.reporters.JUnitReportReporter -->
<testsuite hostname="Prasannakumar" failures="0" tests="3" name="com.OrangeHRM.OrangeHRM_HomePageValidation" time="4.263" errors="0" timestamp="2022-12-14T16:56:13 IST" skipped="0">
  <testcase classname="com.OrangeHRM.OrangeHRM_HomePageValidation" name="OrangeHRM_LoginPageAndTitleValidation" time="1.844"/>
  <system-out/>
  <testcase classname="com.OrangeHRM.OrangeHRM_HomePageValidation" name="OrangeHRM_Login" time="2.185"/>
  <system-out/>
  <testcase classname="com.OrangeHRM.OrangeHRM_HomePageValidation" name="HomePageValidation" time="0.234"/>
  <system-out/>
</testsuite> <!-- com.OrangeHRM.OrangeHRM_HomePageValidation -->
