<?xml version="1.0" encoding="UTF-8"?>
<!-- Generated by org.testng.reporters.JUnitReportReporter -->
<testsuite hostname="Prasannakumar" failures="0" tests="1" name="com.OrangeHRM.AddEmployeeAutoIT_KeyboardOperations" time="54.226" errors="0" timestamp="2022-12-18T17:49:58 IST" skipped="0">
  <testcase classname="com.OrangeHRM.AddEmployeeAutoIT_KeyboardOperations" name="AddEmployeeAutomationTestNG" time="54.226"/>
  <system-out/>
</testsuite> <!-- com.OrangeHRM.AddEmployeeAutoIT_KeyboardOperations -->
