<?xml version="1.0" encoding="UTF-8"?>
<!-- Generated by org.testng.reporters.JUnitReportReporter -->
<testsuite hostname="Prasannakumar" failures="0" tests="1" name="com.OrangeHRM.LoginPageValidationTestNG" time="1.716" errors="0" timestamp="2022-12-14T22:57:35 IST" skipped="0">
  <testcase classname="com.OrangeHRM.LoginPageValidationTestNG" name="loginPageValidation" time="1.716"/>
  <system-out/>
</testsuite> <!-- com.OrangeHRM.LoginPageValidationTestNG -->
