<?xml version="1.0" encoding="UTF-8"?>
<!-- Generated by org.testng.reporters.JUnitReportReporter -->
<testsuite hostname="Prasannakumar" failures="0" tests="1" name="com.RediffRegistrrationAutomation.RegistrationPage_Automation" time="0.189" errors="0" timestamp="2022-12-15T12:09:45 IST" skipped="0">
  <testcase classname="com.RediffRegistrrationAutomation.RegistrationPage_Automation" name="FullNameAutomation" time="0.189"/>
  <system-out/>
</testsuite> <!-- com.RediffRegistrrationAutomation.RegistrationPage_Automation -->
