<?xml version="1.0" encoding="UTF-8"?>
<!-- Generated by org.testng.reporters.JUnitReportReporter -->
<testsuite hostname="Prasannakumar" failures="0" tests="1" name="com.OrangeHRM.MultipleLoginData_TestNG_Excel" time="7.693" errors="0" timestamp="2022-12-16T11:50:13 IST" skipped="0">
  <testcase classname="com.OrangeHRM.MultipleLoginData_TestNG_Excel" name="OrangeHRM_Login" time="7.693"/>
  <system-out/>
</testsuite> <!-- com.OrangeHRM.MultipleLoginData_TestNG_Excel -->
