<?xml version="1.0" encoding="UTF-8"?>
<!-- Generated by org.testng.reporters.JUnitReportReporter -->
<testsuite hostname="Prasannakumar" failures="0" tests="2" name="com.OrangeHRM.MultipleLoginData_TestNG" time="6.991" errors="0" timestamp="2022-12-14T23:12:52 IST" skipped="0">
  <testcase classname="com.OrangeHRM.MultipleLoginData_TestNG" name="multipleLoginDataExcel" time="5.142"/>
  <system-out/>
  <testcase classname="com.OrangeHRM.MultipleLoginData_TestNG" name="loginPageValidation" time="1.849"/>
  <system-out/>
</testsuite> <!-- com.OrangeHRM.MultipleLoginData_TestNG -->
