<?xml version="1.0" encoding="UTF-8"?>
<!-- Generated by org.testng.reporters.JUnitReportReporter -->
<testsuite hostname="Prasannakumar" failures="0" tests="1" name="com.OrangeHRM.Practise" time="4.509" errors="0" timestamp="2022-12-13T16:50:45 IST" skipped="0">
  <testcase classname="com.OrangeHRM.Practise" name="OrangeHRM_Login" time="4.509"/>
  <system-out/>
</testsuite> <!-- com.OrangeHRM.Practise -->
