<?xml version="1.0" encoding="UTF-8"?>
<!-- Generated by org.testng.reporters.JUnitReportReporter -->
<testsuite hostname="Prasannakumar" failures="0" tests="6" name="com.OrangeHRM.EmployeeInfo_Excel" time="32.807" errors="0" timestamp="2022-12-16T13:33:50 IST" skipped="0">
  <testcase classname="com.OrangeHRM.EmployeeInfo_Excel" name="OrangeHRM_LoginPageAndTitleValidation" time="2.059"/>
  <system-out/>
  <testcase classname="com.OrangeHRM.EmployeeInfo_Excel" name="OrangeHRM_Login" time="2.322"/>
  <system-out/>
  <testcase classname="com.OrangeHRM.EmployeeInfo_Excel" name="HomePageValidation" time="0.256"/>
  <system-out/>
  <testcase classname="com.OrangeHRM.EmployeeInfo_Excel" name="PIM_Validation" time="0.482"/>
  <system-out/>
  <testcase classname="com.OrangeHRM.EmployeeInfo_Excel" name="OrangeHRMAddEmployee" time="16.224"/>
  <system-out/>
  <testcase classname="com.OrangeHRM.EmployeeInfo_Excel" name="AllEmployeeInfo_Excel" time="11.464"/>
  <system-out/>
</testsuite> <!-- com.OrangeHRM.EmployeeInfo_Excel -->
