<?xml version="1.0" encoding="UTF-8"?>
<!-- Generated by org.testng.reporters.JUnitReportReporter -->
<testsuite hostname="Prasannakumar" failures="0" tests="1" name="com.OrangeHRM.AddEmployeeAutomation_TestNG" time="21.743" errors="0" timestamp="2022-12-13T17:26:23 IST" skipped="0">
  <testcase classname="com.OrangeHRM.AddEmployeeAutomation_TestNG" name="OrangeHRM_Login" time="21.743"/>
  <system-out/>
</testsuite> <!-- com.OrangeHRM.AddEmployeeAutomation_TestNG -->
