<?xml version="1.0" encoding="UTF-8"?>
<!-- Generated by org.testng.reporters.JUnitReportReporter -->
<testsuite hostname="Prasannakumar" failures="0" tests="1" name="com.OrangeHRM.OrangeHRM_LoginPageValidation" time="5.016" errors="0" timestamp="2022-12-15T17:43:45 IST" skipped="0">
  <testcase classname="com.OrangeHRM.OrangeHRM_LoginPageValidation" name="OrangeHRM_LoginPageAndTitleValidation" time="5.016"/>
  <system-out/>
</testsuite> <!-- com.OrangeHRM.OrangeHRM_LoginPageValidation -->
