<?xml version="1.0" encoding="UTF-8"?>
<!-- Generated by org.testng.reporters.JUnitReportReporter -->
<testsuite hostname="Prasannakumar" failures="0" tests="5" name="com.OrangeHRM.OrangeHRM_AddEmployee" time="68.216" errors="0" timestamp="2022-12-26T21:27:23 IST" skipped="0">
  <testcase classname="com.OrangeHRM.OrangeHRM_AddEmployee" name="OrangeHRM_LoginPageAndTitleValidation" time="2.546"/>
  <system-out/>
  <testcase classname="com.OrangeHRM.OrangeHRM_AddEmployee" name="OrangeHRM_Login" time="10.230"/>
  <system-out/>
  <testcase classname="com.OrangeHRM.OrangeHRM_AddEmployee" name="HomePageValidation" time="0.281"/>
  <system-out/>
  <testcase classname="com.OrangeHRM.OrangeHRM_AddEmployee" name="PIM_Validation" time="0.431"/>
  <system-out/>
  <testcase classname="com.OrangeHRM.OrangeHRM_AddEmployee" name="OrangeHRMAddEmployee" time="54.728"/>
  <system-out/>
</testsuite> <!-- com.OrangeHRM.OrangeHRM_AddEmployee -->
